<?xml version="1.0" encoding="UTF-8"?>
<coverage generated="1725983303923" clover="3.2.0">
  <project timestamp="1725983303923" name="All files">
    <metrics statements="44" coveredstatements="28" conditionals="10" coveredconditionals="10" methods="10" coveredmethods="5" elements="64" coveredelements="43" complexity="0" loc="44" ncloc="44" packages="1" files="2" classes="2"/>
    <file name="BinaryHeap.js" path="D:\OneDrive - REWE digital\Dokumente\CBS\SEuSI Fallstudie\indoor-navigation\js\BinaryHeap.js">
      <metrics statements="23" coveredstatements="23" conditionals="10" coveredconditionals="10" methods="3" coveredmethods="3"/>
      <line num="12" count="2" type="stmt"/>
      <line num="13" count="2" type="stmt"/>
      <line num="22" count="14" type="stmt"/>
      <line num="31" count="14" type="stmt"/>
      <line num="40" count="12" type="stmt"/>
      <line num="49" count="14" type="stmt"/>
      <line num="50" count="14" type="stmt"/>
      <line num="51" count="14" type="stmt"/>
      <line num="53" count="14" type="cond" truecount="4" falsecount="0"/>
      <line num="54" count="7" type="stmt"/>
      <line num="56" count="14" type="cond" truecount="4" falsecount="0"/>
      <line num="57" count="1" type="stmt"/>
      <line num="59" count="14" type="cond" truecount="2" falsecount="0"/>
      <line num="60" count="7" type="stmt"/>
      <line num="61" count="7" type="stmt"/>
      <line num="69" count="1" type="stmt"/>
      <line num="70" count="3" type="stmt"/>
      <line num="78" count="1" type="stmt"/>
      <line num="79" count="1" type="stmt"/>
      <line num="80" count="1" type="stmt"/>
      <line num="81" count="4" type="stmt"/>
      <line num="82" count="4" type="stmt"/>
      <line num="83" count="4" type="stmt"/>
    </file>
    <file name="Pathfinding.js" path="D:\OneDrive - REWE digital\Dokumente\CBS\SEuSI Fallstudie\indoor-navigation\js\Pathfinding.js">
      <metrics statements="21" coveredstatements="5" conditionals="0" coveredconditionals="0" methods="7" coveredmethods="2"/>
      <line num="16" count="1" type="stmt"/>
      <line num="17" count="0" type="stmt"/>
      <line num="19" count="1" type="stmt"/>
      <line num="20" count="1" type="stmt"/>
      <line num="28" count="1" type="stmt"/>
      <line num="29" count="0" type="stmt"/>
      <line num="30" count="0" type="stmt"/>
      <line num="32" count="0" type="stmt"/>
      <line num="33" count="0" type="stmt"/>
      <line num="36" count="0" type="stmt"/>
      <line num="37" count="0" type="stmt"/>
      <line num="41" count="0" type="stmt"/>
      <line num="45" count="0" type="stmt"/>
      <line num="46" count="0" type="stmt"/>
      <line num="48" count="0" type="stmt"/>
      <line num="52" count="0" type="stmt"/>
      <line num="53" count="0" type="stmt"/>
      <line num="54" count="0" type="stmt"/>
      <line num="55" count="0" type="stmt"/>
      <line num="56" count="0" type="stmt"/>
      <line num="60" count="1" type="stmt"/>
    </file>
  </project>
</coverage>
