{"D:\\OneDrive - REWE digital\\Dokumente\\CBS\\SEuSI Fallstudie\\indoor-navigation\\js\\BinaryHeap.js": {"path":"D:\\OneDrive - REWE digital\\Dokumente\\CBS\\SEuSI Fallstudie\\indoor-navigation\\js\\BinaryHeap.js","statementMap":{"0":{"start":{"line":12,"column":4},"end":{"line":12,"column":21}},"1":{"start":{"line":13,"column":4},"end":{"line":13,"column":38}},"2":{"start":{"line":22,"column":4},"end":{"line":22,"column":30}},"3":{"start":{"line":31,"column":4},"end":{"line":31,"column":30}},"4":{"start":{"line":40,"column":4},"end":{"line":40,"column":75}},"5":{"start":{"line":49,"column":22},"end":{"line":49,"column":44}},"6":{"start":{"line":50,"column":23},"end":{"line":50,"column":46}},"7":{"start":{"line":51,"column":14},"end":{"line":51,"column":19}},"8":{"start":{"line":53,"column":4},"end":{"line":55,"column":5}},"9":{"start":{"line":54,"column":6},"end":{"line":54,"column":21}},"10":{"start":{"line":56,"column":4},"end":{"line":58,"column":5}},"11":{"start":{"line":57,"column":6},"end":{"line":57,"column":22}},"12":{"start":{"line":59,"column":4},"end":{"line":62,"column":5}},"13":{"start":{"line":60,"column":6},"end":{"line":60,"column":27}},"14":{"start":{"line":61,"column":6},"end":{"line":61,"column":31}},"15":{"start":{"line":69,"column":4},"end":{"line":71,"column":5}},"16":{"start":{"line":69,"column":18},"end":{"line":69,"column":48}},"17":{"start":{"line":70,"column":6},"end":{"line":70,"column":44}},"18":{"start":{"line":78,"column":4},"end":{"line":78,"column":17}},"19":{"start":{"line":79,"column":15},"end":{"line":79,"column":34}},"20":{"start":{"line":80,"column":4},"end":{"line":84,"column":5}},"21":{"start":{"line":81,"column":6},"end":{"line":81,"column":28}},"22":{"start":{"line":82,"column":6},"end":{"line":82,"column":12}},"23":{"start":{"line":83,"column":6},"end":{"line":83,"column":29}}},"fnMap":{"0":{"name":"(anonymous_0)","decl":{"start":{"line":11,"column":2},"end":{"line":11,"column":3}},"loc":{"start":{"line":11,"column":30},"end":{"line":14,"column":3}},"line":11},"1":{"name":"(anonymous_1)","decl":{"start":{"line":39,"column":2},"end":{"line":39,"column":3}},"loc":{"start":{"line":39,"column":14},"end":{"line":41,"column":3}},"line":39},"2":{"name":"(anonymous_2)","decl":{"start":{"line":77,"column":2},"end":{"line":77,"column":3}},"loc":{"start":{"line":77,"column":10},"end":{"line":85,"column":3}},"line":77}},"branchMap":{"0":{"loc":{"start":{"line":53,"column":4},"end":{"line":55,"column":5}},"type":"if","locations":[{"start":{"line":53,"column":4},"end":{"line":55,"column":5}},{"start":{},"end":{}}],"line":53},"1":{"loc":{"start":{"line":53,"column":8},"end":{"line":53,"column":111}},"type":"binary-expr","locations":[{"start":{"line":53,"column":8},"end":{"line":53,"column":24}},{"start":{"line":53,"column":28},"end":{"line":53,"column":111}}],"line":53},"2":{"loc":{"start":{"line":56,"column":4},"end":{"line":58,"column":5}},"type":"if","locations":[{"start":{"line":56,"column":4},"end":{"line":58,"column":5}},{"start":{},"end":{}}],"line":56},"3":{"loc":{"start":{"line":56,"column":8},"end":{"line":56,"column":113}},"type":"binary-expr","locations":[{"start":{"line":56,"column":8},"end":{"line":56,"column":25}},{"start":{"line":56,"column":29},"end":{"line":56,"column":113}}],"line":56},"4":{"loc":{"start":{"line":59,"column":4},"end":{"line":62,"column":5}},"type":"if","locations":[{"start":{"line":59,"column":4},"end":{"line":62,"column":5}},{"start":{},"end":{}}],"line":59}},"s":{"0":2,"1":2,"2":14,"3":14,"4":12,"5":14,"6":14,"7":14,"8":14,"9":7,"10":14,"11":1,"12":14,"13":7,"14":7,"15":1,"16":1,"17":3,"18":1,"19":1,"20":1,"21":4,"22":4,"23":4},"f":{"0":2,"1":12,"2":1},"b":{"0":[7,7],"1":[14,7],"2":[1,13],"3":[14,5],"4":[7,7]},"_coverageSchema":"1a1c01bbd47fc00a2c39e90264f33305004495a9","hash":"57121378ea59b51e0e110f57fea8c95b6ebd6b82"}
,"D:\\OneDrive - REWE digital\\Dokumente\\CBS\\SEuSI Fallstudie\\indoor-navigation\\js\\Pathfinding.js": {"path":"D:\\OneDrive - REWE digital\\Dokumente\\CBS\\SEuSI Fallstudie\\indoor-navigation\\js\\Pathfinding.js","statementMap":{"0":{"start":{"line":16,"column":4},"end":{"line":18,"column":5}},"1":{"start":{"line":17,"column":6},"end":{"line":17,"column":26}},"2":{"start":{"line":19,"column":4},"end":{"line":19,"column":22}},"3":{"start":{"line":20,"column":4},"end":{"line":20,"column":24}},"4":{"start":{"line":28,"column":11},"end":{"line":38,"column":3}},"5":{"start":{"line":29,"column":4},"end":{"line":29,"column":70}},"6":{"start":{"line":30,"column":4},"end":{"line":30,"column":21}},"7":{"start":{"line":32,"column":21},"end":{"line":34,"column":6}},"8":{"start":{"line":33,"column":6},"end":{"line":33,"column":51}},"9":{"start":{"line":36,"column":24},"end":{"line":36,"column":29}},"10":{"start":{"line":37,"column":4},"end":{"line":37,"column":52}},"11":{"start":{"line":41,"column":4},"end":{"line":41,"column":30}},"12":{"start":{"line":45,"column":4},"end":{"line":47,"column":5}},"13":{"start":{"line":46,"column":6},"end":{"line":46,"column":26}},"14":{"start":{"line":48,"column":4},"end":{"line":48,"column":24}},"15":{"start":{"line":52,"column":4},"end":{"line":52,"column":25}},"16":{"start":{"line":53,"column":4},"end":{"line":53,"column":26}},"17":{"start":{"line":54,"column":4},"end":{"line":54,"column":24}},"18":{"start":{"line":55,"column":4},"end":{"line":55,"column":23}},"19":{"start":{"line":56,"column":4},"end":{"line":56,"column":22}},"20":{"start":{"line":60,"column":4},"end":{"line":60,"column":106}}},"fnMap":{"0":{"name":"(anonymous_0)","decl":{"start":{"line":15,"column":2},"end":{"line":15,"column":3}},"loc":{"start":{"line":15,"column":22},"end":{"line":21,"column":3}},"line":15},"1":{"name":"(anonymous_1)","decl":{"start":{"line":28,"column":11},"end":{"line":28,"column":12}},"loc":{"start":{"line":28,"column":27},"end":{"line":38,"column":3}},"line":28},"2":{"name":"(anonymous_2)","decl":{"start":{"line":32,"column":36},"end":{"line":32,"column":37}},"loc":{"start":{"line":32,"column":52},"end":{"line":34,"column":5}},"line":32},"3":{"name":"(anonymous_3)","decl":{"start":{"line":40,"column":2},"end":{"line":40,"column":3}},"loc":{"start":{"line":40,"column":19},"end":{"line":42,"column":3}},"line":40},"4":{"name":"(anonymous_4)","decl":{"start":{"line":44,"column":2},"end":{"line":44,"column":3}},"loc":{"start":{"line":44,"column":16},"end":{"line":49,"column":3}},"line":44},"5":{"name":"(anonymous_5)","decl":{"start":{"line":51,"column":2},"end":{"line":51,"column":3}},"loc":{"start":{"line":51,"column":19},"end":{"line":57,"column":3}},"line":51},"6":{"name":"(anonymous_6)","decl":{"start":{"line":59,"column":2},"end":{"line":59,"column":3}},"loc":{"start":{"line":59,"column":25},"end":{"line":61,"column":3}},"line":59}},"branchMap":{},"s":{"0":1,"1":0,"2":1,"3":1,"4":1,"5":0,"6":0,"7":0,"8":0,"9":0,"10":0,"11":0,"12":0,"13":0,"14":0,"15":0,"16":0,"17":0,"18":0,"19":0,"20":1},"f":{"0":1,"1":0,"2":0,"3":0,"4":0,"5":0,"6":1},"b":{},"_coverageSchema":"1a1c01bbd47fc00a2c39e90264f33305004495a9","hash":"80b4f38c2bdccca33b9d635987d4614417e6ba2d"}
}
