TN:
SF:js\BinaryHeap.js
FN:11,(anonymous_0)
FN:39,(anonymous_1)
FN:77,(anonymous_2)
FNF:3
FNH:3
FNDA:2,(anonymous_0)
FNDA:12,(anonymous_1)
FNDA:1,(anonymous_2)
DA:12,2
DA:13,2
DA:22,14
DA:31,14
DA:40,12
DA:49,14
DA:50,14
DA:51,14
DA:53,14
DA:54,7
DA:56,14
DA:57,1
DA:59,14
DA:60,7
DA:61,7
DA:69,1
DA:70,3
DA:78,1
DA:79,1
DA:80,1
DA:81,4
DA:82,4
DA:83,4
LF:23
LH:23
BRDA:53,0,0,7
BRDA:53,0,1,7
BRDA:53,1,0,14
BRDA:53,1,1,7
BRDA:56,2,0,1
BRDA:56,2,1,13
BRDA:56,3,0,14
BRDA:56,3,1,5
BRDA:59,4,0,7
BRDA:59,4,1,7
BRF:10
BRH:10
end_of_record
TN:
SF:js\Pathfinding.js
FN:15,(anonymous_0)
FN:28,(anonymous_1)
FN:32,(anonymous_2)
FN:40,(anonymous_3)
FN:44,(anonymous_4)
FN:51,(anonymous_5)
FN:59,(anonymous_6)
FNF:7
FNH:2
FNDA:1,(anonymous_0)
FNDA:0,(anonymous_1)
FNDA:0,(anonymous_2)
FNDA:0,(anonymous_3)
FNDA:0,(anonymous_4)
FNDA:0,(anonymous_5)
FNDA:1,(anonymous_6)
DA:16,1
DA:17,0
DA:19,1
DA:20,1
DA:28,1
DA:29,0
DA:30,0
DA:32,0
DA:33,0
DA:36,0
DA:37,0
DA:41,0
DA:45,0
DA:46,0
DA:48,0
DA:52,0
DA:53,0
DA:54,0
DA:55,0
DA:56,0
DA:60,1
LF:21
LH:5
BRF:0
BRH:0
end_of_record
